{"contracts\\DefaultEventTickets.sol":{"l":{"77":33,"78":33,"79":33,"80":33,"81":33,"82":33,"101":0,"121":1,"140":9,"141":8,"142":7,"147":6,"148":6,"149":6,"151":6,"152":6,"153":6,"156":6,"171":4,"172":3,"173":2,"174":1,"175":1,"176":1,"177":1,"178":1,"193":1,"194":1,"195":1,"196":1},"path":"C:\\Users\\Joeld\\Documents\\GitHub\\pruebaRep\\contracts\\DefaultEventTickets.sol","s":{"1":33,"2":33,"3":33,"4":33,"5":33,"6":33,"7":0,"8":1,"9":9,"10":8,"11":7,"12":6,"13":6,"14":6,"15":6,"16":6,"17":6,"18":6,"19":4,"20":3,"21":2,"22":1,"23":1,"24":1,"25":1,"26":1,"27":1,"28":1,"29":1,"30":1},"b":{"1":[8,1],"2":[7,1],"3":[6,1],"4":[6,0],"5":[3,1],"6":[2,1],"7":[1,1]},"f":{"1":33,"2":0,"3":1,"4":9,"5":4,"6":1},"fnMap":{"1":{"name":"constructor","line":71,"loc":{"start":{"line":71,"column":4},"end":{"line":83,"column":4}}},"2":{"name":"readEvent","line":90,"loc":{"start":{"line":90,"column":4},"end":{"line":108,"column":4}}},"3":{"name":"getBuyerTicketCount","line":116,"loc":{"start":{"line":116,"column":4},"end":{"line":122,"column":4}}},"4":{"name":"buyTickets","line":139,"loc":{"start":{"line":139,"column":4},"end":{"line":157,"column":4}}},"5":{"name":"getRefund","line":169,"loc":{"start":{"line":169,"column":4},"end":{"line":179,"column":4}}},"6":{"name":"endSale","line":191,"loc":{"start":{"line":191,"column":4},"end":{"line":197,"column":4}}}},"statementMap":{"1":{"start":{"line":77,"column":8},"end":{"line":77,"column":36}},"2":{"start":{"line":78,"column":8},"end":{"line":78,"column":41}},"3":{"start":{"line":79,"column":8},"end":{"line":79,"column":29}},"4":{"start":{"line":80,"column":8},"end":{"line":80,"column":43}},"5":{"start":{"line":81,"column":8},"end":{"line":81,"column":41}},"6":{"start":{"line":82,"column":8},"end":{"line":82,"column":28}},"7":{"start":{"line":101,"column":8},"end":{"line":101,"column":3406}},"8":{"start":{"line":121,"column":8},"end":{"line":121,"column":36}},"9":{"start":{"line":140,"column":8},"end":{"line":140,"column":62}},"10":{"start":{"line":141,"column":8},"end":{"line":141,"column":81}},"11":{"start":{"line":142,"column":8},"end":{"line":142,"column":4916}},"12":{"start":{"line":147,"column":8},"end":{"line":147,"column":45}},"13":{"start":{"line":148,"column":8},"end":{"line":148,"column":32}},"14":{"start":{"line":149,"column":8},"end":{"line":149,"column":39}},"15":{"start":{"line":151,"column":8},"end":{"line":151,"column":59}},"16":{"start":{"line":152,"column":8},"end":{"line":152,"column":5223}},"17":{"start":{"line":153,"column":12},"end":{"line":153,"column":63}},"18":{"start":{"line":156,"column":8},"end":{"line":156,"column":48}},"19":{"start":{"line":171,"column":8},"end":{"line":171,"column":83}},"20":{"start":{"line":172,"column":8},"end":{"line":172,"column":73}},"21":{"start":{"line":173,"column":8},"end":{"line":173,"column":100}},"22":{"start":{"line":174,"column":8},"end":{"line":174,"column":39}},"23":{"start":{"line":175,"column":8},"end":{"line":175,"column":32}},"24":{"start":{"line":176,"column":8},"end":{"line":176,"column":58}},"25":{"start":{"line":177,"column":8},"end":{"line":177,"column":46}},"26":{"start":{"line":178,"column":8},"end":{"line":178,"column":47}},"27":{"start":{"line":193,"column":8},"end":{"line":193,"column":29}},"28":{"start":{"line":194,"column":8},"end":{"line":194,"column":65}},"29":{"start":{"line":195,"column":8},"end":{"line":195,"column":47}},"30":{"start":{"line":196,"column":8},"end":{"line":196,"column":46}}},"branchMap":{"1":{"line":140,"type":"if","locations":[{"start":{"line":140,"column":8},"end":{"line":140,"column":8}},{"start":{"line":140,"column":8},"end":{"line":140,"column":8}}]},"2":{"line":141,"type":"if","locations":[{"start":{"line":141,"column":8},"end":{"line":141,"column":8}},{"start":{"line":141,"column":8},"end":{"line":141,"column":8}}]},"3":{"line":142,"type":"if","locations":[{"start":{"line":142,"column":8},"end":{"line":142,"column":8}},{"start":{"line":142,"column":8},"end":{"line":142,"column":8}}]},"4":{"line":152,"type":"if","locations":[{"start":{"line":152,"column":8},"end":{"line":152,"column":8}},{"start":{"line":152,"column":8},"end":{"line":152,"column":8}}]},"5":{"line":171,"type":"if","locations":[{"start":{"line":171,"column":8},"end":{"line":171,"column":8}},{"start":{"line":171,"column":8},"end":{"line":171,"column":8}}]},"6":{"line":172,"type":"if","locations":[{"start":{"line":172,"column":8},"end":{"line":172,"column":8}},{"start":{"line":172,"column":8},"end":{"line":172,"column":8}}]},"7":{"line":173,"type":"if","locations":[{"start":{"line":173,"column":8},"end":{"line":173,"column":8}},{"start":{"line":173,"column":8},"end":{"line":173,"column":8}}]}}},"contracts\\EventFactory.sol":{"l":{"37":0,"38":0,"39":0,"40":0,"41":0,"48":0,"57":0,"65":0,"66":0,"67":0,"68":0,"69":0,"70":0,"79":0},"path":"C:\\Users\\Joeld\\Documents\\GitHub\\pruebaRep\\contracts\\EventFactory.sol","s":{"1":0,"2":0,"3":0,"4":0,"5":0,"6":0,"7":0,"8":0,"9":0,"10":0,"11":0,"12":0},"b":{},"f":{"1":0,"2":0,"3":0},"fnMap":{"1":{"name":"createEvent","line":31,"loc":{"start":{"line":31,"column":4},"end":{"line":49,"column":4}}},"2":{"name":"addEvent","line":56,"loc":{"start":{"line":56,"column":4},"end":{"line":71,"column":4}}},"3":{"name":"getEvent","line":78,"loc":{"start":{"line":78,"column":4},"end":{"line":80,"column":4}}}},"statementMap":{"1":{"start":{"line":37,"column":8},"end":{"line":37,"column":49}},"2":{"start":{"line":38,"column":8},"end":{"line":38,"column":38}},"3":{"start":{"line":39,"column":8},"end":{"line":39,"column":32}},"4":{"start":{"line":40,"column":8},"end":{"line":40,"column":39}},"5":{"start":{"line":41,"column":8},"end":{"line":41,"column":1116}},"6":{"start":{"line":57,"column":8},"end":{"line":57,"column":1585}},"7":{"start":{"line":65,"column":8},"end":{"line":65,"column":49}},"8":{"start":{"line":66,"column":8},"end":{"line":66,"column":37}},"9":{"start":{"line":67,"column":8},"end":{"line":67,"column":32}},"10":{"start":{"line":68,"column":8},"end":{"line":68,"column":39}},"11":{"start":{"line":69,"column":8},"end":{"line":69,"column":39}},"12":{"start":{"line":79,"column":8},"end":{"line":79,"column":25}}},"branchMap":{}},"contracts\\EventTickets.sol":{"l":{},"path":"C:\\Users\\Joeld\\Documents\\GitHub\\pruebaRep\\contracts\\EventTickets.sol","s":{},"b":{},"f":{},"fnMap":{},"statementMap":{},"branchMap":{}}}