TN:
SF:C:\Users\Joeld\Documents\GitHub\pruebaRep\contracts\DefaultEventTickets.sol
FN:71,constructor
FN:90,readEvent
FN:116,getBuyerTicketCount
FN:139,buyTickets
FN:169,getRefund
FN:191,endSale
FNF:6
FNH:5
FNDA:33,constructor
FNDA:0,readEvent
FNDA:1,getBuyerTicketCount
FNDA:9,buyTickets
FNDA:4,getRefund
FNDA:1,endSale
DA:77,33
DA:78,33
DA:79,33
DA:80,33
DA:81,33
DA:82,33
DA:101,0
DA:121,1
DA:140,9
DA:141,8
DA:142,7
DA:147,6
DA:148,6
DA:149,6
DA:151,6
DA:152,6
DA:153,6
DA:156,6
DA:171,4
DA:172,3
DA:173,2
DA:174,1
DA:175,1
DA:176,1
DA:177,1
DA:178,1
DA:193,1
DA:194,1
DA:195,1
DA:196,1
LF:30
LH:29
BRDA:140,1,0,8
BRDA:140,1,1,1
BRDA:141,2,0,7
BRDA:141,2,1,1
BRDA:142,3,0,6
BRDA:142,3,1,1
BRDA:152,4,0,6
BRDA:152,4,1,0
BRDA:171,5,0,3
BRDA:171,5,1,1
BRDA:172,6,0,2
BRDA:172,6,1,1
BRDA:173,7,0,1
BRDA:173,7,1,1
BRF:14
BRH:13
end_of_record
TN:
SF:C:\Users\Joeld\Documents\GitHub\pruebaRep\contracts\EventFactory.sol
FN:31,createEvent
FN:56,addEvent
FN:78,getEvent
FNF:3
FNH:0
FNDA:0,createEvent
FNDA:0,addEvent
FNDA:0,getEvent
DA:37,0
DA:38,0
DA:39,0
DA:40,0
DA:41,0
DA:48,0
DA:57,0
DA:65,0
DA:66,0
DA:67,0
DA:68,0
DA:69,0
DA:70,0
DA:79,0
LF:14
LH:0
BRF:0
BRH:0
end_of_record
TN:
SF:C:\Users\Joeld\Documents\GitHub\pruebaRep\contracts\EventTickets.sol
FNF:0
FNH:0
LF:0
LH:0
BRF:0
BRH:0
end_of_record
